#! /c/Source/iverilog-install/bin/vvp
:ivl_version "12.0 (devel)" "(s20150603-1539-g2693dd32b)";
:ivl_delay_selection "TYPICAL";
:vpi_time_precision + 0;
:vpi_module "C:\iverilog\lib\ivl\system.vpi";
:vpi_module "C:\iverilog\lib\ivl\vhdl_sys.vpi";
:vpi_module "C:\iverilog\lib\ivl\vhdl_textio.vpi";
:vpi_module "C:\iverilog\lib\ivl\v2005_math.vpi";
:vpi_module "C:\iverilog\lib\ivl\va_math.vpi";
S_00000213a6292ce0 .scope module, "pcadder" "pcadder" 2 1;
 .timescale 0 0;
    .port_info 0 /OUTPUT 32 "PC";
    .port_info 1 /INPUT 1 "CLK";
    .port_info 2 /INPUT 1 "RESET";
    .port_info 3 /INPUT 8 "RD_OFFSET";
    .port_info 4 /INPUT 1 "BRANCH";
    .port_info 5 /INPUT 1 "JUMP";
    .port_info 6 /INPUT 1 "ZERO";
o00000213a62c8038 .functor BUFZ 1, C4<z>; HiZ drive
o00000213a62c8218 .functor BUFZ 1, C4<z>; HiZ drive
L_00000213a62b5b00 .functor AND 1, o00000213a62c8038, o00000213a62c8218, C4<1>, C4<1>;
v00000213a62936d0_0 .net "BEQADDRESS", 31 0, L_00000213a63723e0;  1 drivers
v00000213a62934b0_0 .net "BEQSELECT", 0 0, L_00000213a62b5b00;  1 drivers
v00000213a627ab50_0 .net "BRANCH", 0 0, o00000213a62c8038;  0 drivers
o00000213a62c8068 .functor BUFZ 1, C4<z>; HiZ drive
v00000213a6292e70_0 .net "CLK", 0 0, o00000213a62c8068;  0 drivers
o00000213a62c8098 .functor BUFZ 1, C4<z>; HiZ drive
v00000213a6292f10_0 .net "JUMP", 0 0, o00000213a62c8098;  0 drivers
v00000213a62c3a90_0 .net "LEFTSHIFTADDRESS", 0 0, L_00000213a62c38b0;  1 drivers
v00000213a62c3bd0_0 .net "NEXTPC", 31 0, L_00000213a6371f80;  1 drivers
v00000213a62c3770_0 .var "PC", 31 0;
v00000213a62c3310_0 .net "PCPLUS4", 31 0, L_00000213a62c3f90;  1 drivers
o00000213a62c8188 .functor BUFZ 8, C4<zzzzzzzz>; HiZ drive
v00000213a62c3090_0 .net/s "RD_OFFSET", 7 0, o00000213a62c8188;  0 drivers
o00000213a62c81b8 .functor BUFZ 1, C4<z>; HiZ drive
v00000213a62c3810_0 .net "RESET", 0 0, o00000213a62c81b8;  0 drivers
v00000213a62c3d10_0 .var/s "SIGNEXTNDVALUE", 31 0;
v00000213a62c36d0_0 .net "ZERO", 0 0, o00000213a62c8218;  0 drivers
L_00000213a6318c58 .functor BUFT 1, C4<00000000000000000000000000000100>, C4<0>, C4<0>, C4<0>;
v00000213a62c3950_0 .net/2u *"_ivl_0", 31 0, L_00000213a6318c58;  1 drivers
v00000213a62c3c70_0 .net *"_ivl_10", 29 0, L_00000213a62c3630;  1 drivers
L_00000213a6318ce8 .functor BUFT 1, C4<00>, C4<0>, C4<0>, C4<0>;
v00000213a62c3db0_0 .net *"_ivl_12", 1 0, L_00000213a6318ce8;  1 drivers
v00000213a62c3e50_0 .net *"_ivl_14", 31 0, L_00000213a62c33b0;  1 drivers
v00000213a62c3270_0 .net *"_ivl_19", 31 0, L_00000213a6370d60;  1 drivers
L_00000213a6318d30 .functor BUFT 1, C4<0000000000000000000000000000000>, C4<0>, C4<0>, C4<0>;
v00000213a62c3450_0 .net *"_ivl_22", 30 0, L_00000213a6318d30;  1 drivers
v00000213a62c34f0_0 .net *"_ivl_25", 31 0, L_00000213a6371b20;  1 drivers
L_00000213a6318d78 .functor BUFT 1, C4<0000000000000000000000000000000>, C4<0>, C4<0>, C4<0>;
v00000213a62c3b30_0 .net *"_ivl_28", 30 0, L_00000213a6318d78;  1 drivers
L_00000213a6318ca0 .functor BUFT 1, C4<00000000000000000000000000000100>, C4<0>, C4<0>, C4<0>;
v00000213a62c3590_0 .net/2u *"_ivl_4", 31 0, L_00000213a6318ca0;  1 drivers
v00000213a62c39f0_0 .net *"_ivl_6", 31 0, L_00000213a62c3130;  1 drivers
v00000213a62c3ef0_0 .net *"_ivl_8", 31 0, L_00000213a62c31d0;  1 drivers
E_00000213a6279df0 .event posedge, v00000213a6292e70_0;
E_00000213a6279970 .event anyedge, v00000213a62c3090_0;
L_00000213a62c3f90 .arith/sum 32, v00000213a62c3770_0, L_00000213a6318c58;
L_00000213a62c3130 .arith/sum 32, v00000213a62c3770_0, L_00000213a6318ca0;
L_00000213a62c3630 .part v00000213a62c3d10_0, 0, 30;
L_00000213a62c31d0 .concat [ 2 30 0 0], L_00000213a6318ce8, L_00000213a62c3630;
L_00000213a62c33b0 .arith/sum 32, L_00000213a62c3130, L_00000213a62c31d0;
L_00000213a62c38b0 .delay 1 (2,2,2) L_00000213a62c38b0/d;
L_00000213a62c38b0/d .part L_00000213a62c33b0, 0, 1;
L_00000213a6370d60 .concat [ 1 31 0 0], L_00000213a62c38b0, L_00000213a6318d30;
L_00000213a63723e0 .functor MUXZ 32, L_00000213a62c3f90, L_00000213a6370d60, L_00000213a62b5b00, C4<>;
L_00000213a6371b20 .concat [ 1 31 0 0], L_00000213a62c38b0, L_00000213a6318d78;
L_00000213a6371f80 .functor MUXZ 32, L_00000213a63723e0, L_00000213a6371b20, o00000213a62c8098, C4<>;
    .scope S_00000213a6292ce0;
T_0 ;
    %wait E_00000213a6279970;
    %load/vec4 v00000213a62c3090_0;
    %parti/s 1, 7, 4;
    %cmpi/e 0, 0, 1;
    %jmp/0xz  T_0.0, 4;
    %pushi/vec4 0, 0, 24;
    %load/vec4 v00000213a62c3090_0;
    %concat/vec4; draw_concat_vec4
    %assign/vec4 v00000213a62c3d10_0, 0;
    %jmp T_0.1;
T_0.0 ;
    %load/vec4 v00000213a62c3090_0;
    %parti/s 1, 7, 4;
    %cmpi/e 1, 0, 1;
    %jmp/0xz  T_0.2, 4;
    %pushi/vec4 16777215, 0, 24;
    %load/vec4 v00000213a62c3090_0;
    %concat/vec4; draw_concat_vec4
    %store/vec4 v00000213a62c3d10_0, 0, 32;
T_0.2 ;
T_0.1 ;
    %jmp T_0;
    .thread T_0, $push;
    .scope S_00000213a6292ce0;
T_1 ;
    %wait E_00000213a6279df0;
    %load/vec4 v00000213a62c3810_0;
    %flag_set/vec4 8;
    %jmp/0xz  T_1.0, 8;
    %pushi/vec4 0, 0, 32;
    %assign/vec4 v00000213a62c3770_0, 1;
    %jmp T_1.1;
T_1.0 ;
    %load/vec4 v00000213a62c3bd0_0;
    %assign/vec4 v00000213a62c3770_0, 1;
T_1.1 ;
    %jmp T_1;
    .thread T_1;
# The file index is used to find the file name in the following table.
:file_names 3;
    "N/A";
    "<interactive>";
    "pcadder.v";
